#
# A fatal error has been detected by the Java Runtime Environment:
#
#  EXCEPTION_ACCESS_VIOLATION (0xc0000005) at pc=0x0000000064e29052, pid=8900, tid=0x0000000000001b6c
#
# JRE version: Java(TM) SE Runtime Environment (8.0_101-b13) (build 1.8.0_101-b13)
# Java VM: Java HotSpot(TM) 64-Bit Server VM (25.101-b13 mixed mode windows-amd64 compressed oops)
# Problematic frame:
# C  [jfxwebkit.dll+0x8e9052]
#
# Failed to write core dump. Minidumps are not enabled by default on client versions of Windows
#
# If you would like to submit a bug report, please visit:
#   http://bugreport.java.com/bugreport/crash.jsp
# The crash happened outside the Java Virtual Machine in native code.
# See problematic frame for where to report the bug.
#

---------------  T H R E A D  ---------------

Current thread (0x000000001ff6d000):  JavaThread "JavaFX Application Thread" [_thread_in_native, id=7020, stack(0x00000000217c0000,0x00000000218c0000)]

siginfo: ExceptionCode=0xc0000005, reading address 0x0000000000000000

Registers:
RAX=0x0000000000000000, RBX=0x00000000218bbd70, RCX=0x00000000218bbc58, RDX=0x0000000000000000
RSP=0x00000000218bbc40, RBP=0x00000000218bbde0, RSI=0x00000000282e5610, RDI=0x0000000028241940
R8 =0x0000000000010002, R9 =0x0000000026821ed0, R10=0x00000000173ebc60, R11=0x00000000218bb910
R12=0x00000000283056f0, R13=0x000000002822bfc0, R14=0x00000000282e5610, R15=0x0000000000000000
RIP=0x0000000064e29052, EFLAGS=0x0000000000010202

Top of Stack: (sp=0x00000000218bbc40)
0x00000000218bbc40:   0000000000000000 00000000218bbd70
0x00000000218bbc50:   0000000000000000 0000000000000000
0x00000000218bbc60:   0000000000000001 fffffffffffffffe
0x00000000218bbc70:   00000000ffffff00 0000000064e30ba4
0x00000000218bbc80:   00000000218bbd70 00000000218bbd70
0x00000000218bbc90:   00000000261382b8 0000000000000000
0x00000000218bbca0:   0000000000000001 00000000283056f0
0x00000000218bbcb0:   0000000000000001 00000000ffffff00
0x00000000218bbcc0:   0000000000000000 00000000218bbde0
0x00000000218bbcd0:   00000000282e5644 0000000064f0fbbb
0x00000000218bbce0:   00000000218bbdf8 000000002691ae98
0x00000000218bbcf0:   0000000000000001 00000000283056f0
0x00000000218bbd00:   0000000000000000 0000000000000001
0x00000000218bbd10:   00000000283056f0 0000000000000001
0x00000000218bbd20:   0000000002dd835d 0000000000000000
0x00000000218bbd30:   0000010000200001 0000010000000000 

Instructions: (pc=0x0000000064e29052)
0x0000000064e29032:   c7 44 24 20 01 00 00 00 49 8b 78 20 48 39 57 40
0x0000000064e29042:   75 21 45 33 c0 49 8b d3 48 8b cf e8 9e 07 f5 ff
0x0000000064e29052:   4c 8b 00 ba 20 00 00 00 48 8b c8 41 ff 50 08 48
0x0000000064e29062:   89 47 40 48 8b 47 40 48 83 78 48 00 74 22 48 8b 


Register to memory mapping:

RAX=0x0000000000000000 is an unknown value
RBX=0x00000000218bbd70 is pointing into the stack for thread: 0x000000001ff6d000
RCX=0x00000000218bbc58 is pointing into the stack for thread: 0x000000001ff6d000
RDX=0x0000000000000000 is an unknown value
RSP=0x00000000218bbc40 is pointing into the stack for thread: 0x000000001ff6d000
RBP=0x00000000218bbde0 is pointing into the stack for thread: 0x000000001ff6d000
RSI=0x00000000282e5610 is an unknown value
RDI=0x0000000028241940 is an unknown value
R8 =0x0000000000010002 is an unknown value
R9 =0x0000000026821ed0 is an unknown value
R10={method} {0x00000000173ebc68} 'printStackTrace' '()V' in 'java/lang/Throwable'
R11=0x00000000218bb910 is pointing into the stack for thread: 0x000000001ff6d000
R12=0x00000000283056f0 is an unknown value
R13=0x000000002822bfc0 is an unknown value
R14=0x00000000282e5610 is an unknown value
R15=0x0000000000000000 is an unknown value


Stack: [0x00000000217c0000,0x00000000218c0000],  sp=0x00000000218bbc40,  free space=1007k
Native frames: (J=compiled Java code, j=interpreted, Vv=VM code, C=native code)
C  [jfxwebkit.dll+0x8e9052]
C  [jfxwebkit.dll+0x8f0ba4]
C  [jfxwebkit.dll+0x9cfbbb]
C  [jfxwebkit.dll+0x9cfe49]
C  [jfxwebkit.dll+0x9d2a8a]
C  [jfxwebkit.dll+0x8efab1]
C  [jfxwebkit.dll+0x8efe91]
C  [jfxwebkit.dll+0x8f03cb]
C  [jfxwebkit.dll+0x9c1d94]
C  [jfxwebkit.dll+0x920363]
C  [jfxwebkit.dll+0x8ca5d9]
C  [jfxwebkit.dll+0x8c8e0b]
C  [jfxwebkit.dll+0x8c85dc]
C  [jfxwebkit.dll+0x9b98d4]
C  [jfxwebkit.dll+0x920323]
C  [jfxwebkit.dll+0x9bd88b]
C  [jfxwebkit.dll+0x9ba427]
C  [jfxwebkit.dll+0x9050aa]
C  [jfxwebkit.dll+0x9056ea]
C  [jfxwebkit.dll+0x90473a]
C  [jfxwebkit.dll+0x8f405e]
C  [jfxwebkit.dll+0x9050aa]
C  [jfxwebkit.dll+0x9056ea]
C  [jfxwebkit.dll+0x90473a]
C  [jfxwebkit.dll+0x8f405e]
C  [jfxwebkit.dll+0x9050aa]
C  [jfxwebkit.dll+0x9056ea]
C  [jfxwebkit.dll+0x90473a]
C  [jfxwebkit.dll+0x8f405e]
C  [jfxwebkit.dll+0x9050aa]
C  [jfxwebkit.dll+0x9056ea]
C  [jfxwebkit.dll+0x90473a]
C  [jfxwebkit.dll+0x8f405e]
C  [jfxwebkit.dll+0x9e1571]
C  [jfxwebkit.dll+0x80cf73]
C  [jfxwebkit.dll+0x81238d]
C  [jfxwebkit.dll+0x88e6fe]
C  0x0000000002de7f54

Java frames: (J=compiled Java code, j=interpreted, Vv=VM code)
j  com.sun.webkit.WebPage.twkPrePaint(J)V+0
j  com.sun.webkit.WebPage.updateDirty(Lcom/sun/webkit/graphics/WCRectangle;)V+117
j  com.sun.webkit.WebPage.updateContent(Lcom/sun/webkit/graphics/WCRectangle;)V+48
j  com.sun.javafx.sg.prism.web.NGWebView.update()V+68
j  javafx.scene.web.WebView.handleStagePulse()V+78
j  javafx.scene.web.WebView.lambda$new$29()V+1
j  javafx.scene.web.WebView$$Lambda$117.pulse()V+4
j  com.sun.javafx.tk.Toolkit.lambda$runPulse$30(Lcom/sun/javafx/tk/TKPulseListener;)Ljava/lang/Void;+1
j  com.sun.javafx.tk.Toolkit$$Lambda$165.run()Ljava/lang/Object;+4
v  ~StubRoutines::call_stub
J 1306  java.security.AccessController.doPrivileged(Ljava/security/PrivilegedAction;Ljava/security/AccessControlContext;)Ljava/lang/Object; (0 bytes) @ 0x000000000320cd66 [0x000000000320cd00+0x66]
J 2520 C1 com.sun.javafx.tk.Toolkit.runPulse(Lcom/sun/javafx/tk/TKPulseListener;Ljava/security/AccessControlContext;)V (26 bytes) @ 0x00000000035c7cd4 [0x00000000035c7860+0x474]
j  com.sun.javafx.tk.Toolkit.firePulse()V+129
j  com.sun.javafx.tk.quantum.QuantumToolkit.pulse(Z)V+97
j  com.sun.javafx.tk.quantum.QuantumToolkit.pulse()V+2
j  com.sun.javafx.tk.quantum.QuantumToolkit.lambda$runToolkit$404()V+1
j  com.sun.javafx.tk.quantum.QuantumToolkit$$Lambda$73.run()V+4
j  com.sun.glass.ui.InvokeLaterDispatcher$Future.run()V+4
v  ~StubRoutines::call_stub
j  com.sun.glass.ui.win.WinApplication._runLoop(Ljava/lang/Runnable;)V+0
j  com.sun.glass.ui.win.WinApplication.lambda$null$148(ILjava/lang/Runnable;)V+8
j  com.sun.glass.ui.win.WinApplication$$Lambda$69.run()V+12
j  java.lang.Thread.run()V+11
v  ~StubRoutines::call_stub

---------------  P R O C E S S  ---------------

Java Threads: ( => current thread )
  0x000000001ef0f800 JavaThread "URL-Loader-8" daemon [_thread_in_native, id=5752, stack(0x0000000028b00000,0x0000000028c00000)]
  0x000000001ef0d000 JavaThread "URL-Loader-7" daemon [_thread_in_native, id=7216, stack(0x0000000028a00000,0x0000000028b00000)]
  0x000000001ef11000 JavaThread "URL-Loader-6" daemon [_thread_in_native, id=11192, stack(0x0000000028900000,0x0000000028a00000)]
  0x000000001ef13000 JavaThread "URL-Loader-5" daemon [_thread_in_native, id=5960, stack(0x0000000028800000,0x0000000028900000)]
  0x000000001ef12800 JavaThread "Watchdog-Timer-1" daemon [_thread_blocked, id=15872, stack(0x0000000028510000,0x0000000028610000)]
  0x000000001ef11800 JavaThread "URL-Loader-4" daemon [_thread_blocked, id=4712, stack(0x0000000027fd0000,0x00000000280d0000)]
  0x000000001ff70800 JavaThread "URL-Loader-3" daemon [_thread_blocked, id=6208, stack(0x0000000027ed0000,0x0000000027fd0000)]
  0x000000001ff70000 JavaThread "URL-Loader-2" daemon [_thread_blocked, id=7564, stack(0x0000000027dd0000,0x0000000027ed0000)]
  0x000000001ff6f000 JavaThread "Keep-Alive-Timer" daemon [_thread_blocked, id=2808, stack(0x0000000027cd0000,0x0000000027dd0000)]
  0x000000001ff6e800 JavaThread "TimerQueue" daemon [_thread_blocked, id=3560, stack(0x0000000027bd0000,0x0000000027cd0000)]
  0x000000001ff6c000 JavaThread "URL-Loader-1" daemon [_thread_blocked, id=7448, stack(0x0000000026f50000,0x0000000027050000)]
  0x000000001ff6a000 JavaThread "Disposer" daemon [_thread_blocked, id=12968, stack(0x0000000026950000,0x0000000026a50000)]
  0x000000001ff6d800 JavaThread "Thread-7" daemon [_thread_in_native, id=14920, stack(0x0000000025f50000,0x0000000026050000)]
=>0x000000001ff6d000 JavaThread "JavaFX Application Thread" [_thread_in_native, id=7020, stack(0x00000000217c0000,0x00000000218c0000)]
  0x000000001ff6a800 JavaThread "Thread-6" daemon [_thread_blocked, id=14728, stack(0x00000000216c0000,0x00000000217c0000)]
  0x000000001f02a800 JavaThread "Image Fetcher 0" daemon [_thread_blocked, id=220, stack(0x0000000020d30000,0x0000000020e30000)]
  0x000000001debf800 JavaThread "derby.rawStoreDaemon" daemon [_thread_blocked, id=3040, stack(0x000000001fc20000,0x000000001fd20000)]
  0x000000001df27000 JavaThread "Timer-0" daemon [_thread_blocked, id=12744, stack(0x000000001f910000,0x000000001fa10000)]
  0x000000001afc3800 JavaThread "AWT-EventQueue-0" [_thread_blocked, id=6220, stack(0x000000001be30000,0x000000001bf30000)]
  0x000000001af15800 JavaThread "Image Fetcher 3" daemon [_thread_blocked, id=10264, stack(0x000000001bd30000,0x000000001be30000)]
  0x000000001af6a000 JavaThread "AWT-Shutdown" [_thread_blocked, id=15960, stack(0x000000001b660000,0x000000001b760000)]
  0x000000001af22000 JavaThread "Java2D Disposer" daemon [_thread_blocked, id=15380, stack(0x000000001b4e0000,0x000000001b5e0000)]
  0x0000000019d4f800 JavaThread "Service Thread" daemon [_thread_blocked, id=9972, stack(0x000000001a990000,0x000000001aa90000)]
  0x0000000019cbc800 JavaThread "C1 CompilerThread3" daemon [_thread_blocked, id=14488, stack(0x000000001a890000,0x000000001a990000)]
  0x0000000019cb9800 JavaThread "C2 CompilerThread2" daemon [_thread_blocked, id=14280, stack(0x000000001a790000,0x000000001a890000)]
  0x0000000019cb5000 JavaThread "C2 CompilerThread1" daemon [_thread_blocked, id=2328, stack(0x000000001a690000,0x000000001a790000)]
  0x0000000019cb1800 JavaThread "C2 CompilerThread0" daemon [_thread_blocked, id=10428, stack(0x000000001a590000,0x000000001a690000)]
  0x0000000019cb0000 JavaThread "Attach Listener" daemon [_thread_blocked, id=2204, stack(0x000000001a490000,0x000000001a590000)]
  0x0000000019caf000 JavaThread "Signal Dispatcher" daemon [_thread_blocked, id=15040, stack(0x000000001a390000,0x000000001a490000)]
  0x0000000019ca0800 JavaThread "Finalizer" daemon [_thread_blocked, id=13536, stack(0x000000001a080000,0x000000001a180000)]
  0x0000000002dc8000 JavaThread "Reference Handler" daemon [_thread_blocked, id=4116, stack(0x0000000019b80000,0x0000000019c80000)]
  0x0000000002cd5000 JavaThread "main" [_thread_blocked, id=972, stack(0x0000000002bd0000,0x0000000002cd0000)]

Other Threads:
  0x0000000017db9800 VMThread [stack: 0x0000000019a80000,0x0000000019b80000] [id=11492]
  0x0000000019d6b800 WatcherThread [stack: 0x000000001aa90000,0x000000001ab90000] [id=15144]

VM state:not at safepoint (normal execution)

VM Mutex/Monitor currently owned by a thread: None

Heap:
 PSYoungGen      total 158720K, used 77352K [0x00000000d5a00000, 0x00000000e4480000, 0x0000000100000000)
  eden space 137728K, 54% used [0x00000000d5a00000,0x00000000da306fb0,0x00000000de080000)
  from space 20992K, 12% used [0x00000000de080000,0x00000000de303078,0x00000000df500000)
  to   space 21504K, 0% used [0x00000000e2f80000,0x00000000e2f80000,0x00000000e4480000)
 ParOldGen       total 88576K, used 14009K [0x0000000080e00000, 0x0000000086480000, 0x00000000d5a00000)
  object space 88576K, 15% used [0x0000000080e00000,0x0000000081bae718,0x0000000086480000)
 Metaspace       used 41228K, capacity 41942K, committed 42112K, reserved 1085440K
  class space    used 5567K, capacity 5737K, committed 5760K, reserved 1048576K

Card table byte_map: [0x0000000012190000,0x0000000012590000] byte_map_base: 0x0000000011d89000

Marking Bits: (ParMarkBitMap*) 0x000000006790a6d0
 Begin Bits: [0x0000000013040000, 0x0000000015008000)
 End Bits:   [0x0000000015008000, 0x0000000016fd0000)

Polling page: 0x0000000000f00000

CodeCache: size=245760Kb used=8336Kb max_used=8336Kb free=237423Kb
 bounds [0x0000000002dd0000, 0x0000000003600000, 0x0000000011dd0000]
 total_blobs=3510 nmethods=2608 adapters=814
 compilation: enabled

Compilation events (10 events):
Event: 4.131 Thread 0x0000000019cbc800 2598       3       java.io.BufferedWriter::ensureOpen (18 bytes)
Event: 4.131 Thread 0x0000000019cbc800 nmethod 2598 0x00000000035ef390 code [0x00000000035ef500, 0x00000000035ef748]
Event: 4.131 Thread 0x0000000019cbc800 2602   !   3       java.nio.CharBuffer::wrap (20 bytes)
Event: 4.132 Thread 0x0000000019cbc800 nmethod 2602 0x00000000035f2fd0 code [0x00000000035f3160, 0x00000000035f3518]
Event: 4.132 Thread 0x0000000019cbc800 2603       3       java.nio.HeapCharBuffer::<init> (14 bytes)
Event: 4.132 Thread 0x0000000019cbc800 nmethod 2603 0x00000000035f2ad0 code [0x00000000035f2c40, 0x00000000035f2e88]
Event: 4.132 Thread 0x0000000019cbc800 2600       1       sun.nio.cs.StreamEncoder::isOpen (5 bytes)
Event: 4.132 Thread 0x0000000019cbc800 nmethod 2600 0x00000000035f2810 code [0x00000000035f2960, 0x00000000035f2a70]
Event: 4.183 Thread 0x0000000019cbc800 2605       3       java.io.FilterInputStream::read (11 bytes)
Event: 4.183 Thread 0x0000000019cbc800 nmethod 2605 0x00000000035f2390 code [0x00000000035f2500, 0x00000000035f2728]

GC Heap History (10 events):
Event: 2.518 GC heap before
{Heap before GC invocations=7 (full 1):
 PSYoungGen      total 71680K, used 71658K [0x00000000d5a00000, 0x00000000dcf00000, 0x0000000100000000)
  eden space 66560K, 100% used [0x00000000d5a00000,0x00000000d9b00000,0x00000000d9b00000)
  from space 5120K, 99% used [0x00000000d9b00000,0x00000000d9ffaa58,0x00000000da000000)
  to   space 17408K, 0% used [0x00000000dbe00000,0x00000000dbe00000,0x00000000dcf00000)
 ParOldGen       total 64000K, used 21013K [0x0000000080e00000, 0x0000000084c80000, 0x00000000d5a00000)
  object space 64000K, 32% used [0x0000000080e00000,0x00000000822857f8,0x0000000084c80000)
 Metaspace       used 33900K, capacity 34310K, committed 34688K, reserved 1079296K
  class space    used 4317K, capacity 4457K, committed 4480K, reserved 1048576K
Event: 2.524 GC heap after
Heap after GC invocations=7 (full 1):
 PSYoungGen      total 98816K, used 17390K [0x00000000d5a00000, 0x00000000de800000, 0x0000000100000000)
  eden space 81408K, 0% used [0x00000000d5a00000,0x00000000d5a00000,0x00000000da980000)
  from space 17408K, 99% used [0x00000000dbe00000,0x00000000dcefba00,0x00000000dcf00000)
  to   space 20992K, 0% used [0x00000000da980000,0x00000000da980000,0x00000000dbe00000)
 ParOldGen       total 64000K, used 22109K [0x0000000080e00000, 0x0000000084c80000, 0x00000000d5a00000)
  object space 64000K, 34% used [0x0000000080e00000,0x0000000082397590,0x0000000084c80000)
 Metaspace       used 33900K, capacity 34310K, committed 34688K, reserved 1079296K
  class space    used 4317K, capacity 4457K, committed 4480K, reserved 1048576K
}
Event: 2.554 GC heap before
{Heap before GC invocations=8 (full 1):
 PSYoungGen      total 98816K, used 23415K [0x00000000d5a00000, 0x00000000de800000, 0x0000000100000000)
  eden space 81408K, 7% used [0x00000000d5a00000,0x00000000d5fe2428,0x00000000da980000)
  from space 17408K, 99% used [0x00000000dbe00000,0x00000000dcefba00,0x00000000dcf00000)
  to   space 20992K, 0% used [0x00000000da980000,0x00000000da980000,0x00000000dbe00000)
 ParOldGen       total 64000K, used 22109K [0x0000000080e00000, 0x0000000084c80000, 0x00000000d5a00000)
  object space 64000K, 34% used [0x0000000080e00000,0x0000000082397590,0x0000000084c80000)
 Metaspace       used 34871K, capacity 35256K, committed 35456K, reserved 1079296K
  class space    used 4506K, capacity 4658K, committed 4736K, reserved 1048576K
Event: 2.558 GC heap after
Heap after GC invocations=8 (full 1):
 PSYoungGen      total 102400K, used 8495K [0x00000000d5a00000, 0x00000000e0c00000, 0x0000000100000000)
  eden space 81408K, 0% used [0x00000000d5a00000,0x00000000d5a00000,0x00000000da980000)
  from space 20992K, 40% used [0x00000000da980000,0x00000000db1cbea0,0x00000000dbe00000)
  to   space 20480K, 0% used [0x00000000df800000,0x00000000df800000,0x00000000e0c00000)
 ParOldGen       total 64000K, used 22117K [0x0000000080e00000, 0x0000000084c80000, 0x00000000d5a00000)
  object space 64000K, 34% used [0x0000000080e00000,0x0000000082399590,0x0000000084c80000)
 Metaspace       used 34871K, capacity 35256K, committed 35456K, reserved 1079296K
  class space    used 4506K, capacity 4658K, committed 4736K, reserved 1048576K
}
Event: 2.559 GC heap before
{Heap before GC invocations=9 (full 2):
 PSYoungGen      total 102400K, used 8495K [0x00000000d5a00000, 0x00000000e0c00000, 0x0000000100000000)
  eden space 81408K, 0% used [0x00000000d5a00000,0x00000000d5a00000,0x00000000da980000)
  from space 20992K, 40% used [0x00000000da980000,0x00000000db1cbea0,0x00000000dbe00000)
  to   space 20480K, 0% used [0x00000000df800000,0x00000000df800000,0x00000000e0c00000)
 ParOldGen       total 64000K, used 22117K [0x0000000080e00000, 0x0000000084c80000, 0x00000000d5a00000)
  object space 64000K, 34% used [0x0000000080e00000,0x0000000082399590,0x0000000084c80000)
 Metaspace       used 34871K, capacity 35256K, committed 35456K, reserved 1079296K
  class space    used 4506K, capacity 4658K, committed 4736K, reserved 1048576K
Event: 2.585 GC heap after
Heap after GC invocations=9 (full 2):
 PSYoungGen      total 102400K, used 0K [0x00000000d5a00000, 0x00000000e0c00000, 0x0000000100000000)
  eden space 81408K, 0% used [0x00000000d5a00000,0x00000000d5a00000,0x00000000da980000)
  from space 20992K, 0% used [0x00000000da980000,0x00000000da980000,0x00000000dbe00000)
  to   space 20480K, 0% used [0x00000000df800000,0x00000000df800000,0x00000000e0c00000)
 ParOldGen       total 88576K, used 13993K [0x0000000080e00000, 0x0000000086480000, 0x00000000d5a00000)
  object space 88576K, 15% used [0x0000000080e00000,0x0000000081baa718,0x0000000086480000)
 Metaspace       used 34871K, capacity 35256K, committed 35456K, reserved 1079296K
  class space    used 4506K, capacity 4658K, committed 4736K, reserved 1048576K
}
Event: 3.099 GC heap before
{Heap before GC invocations=10 (full 2):
 PSYoungGen      total 102400K, used 81320K [0x00000000d5a00000, 0x00000000e0c00000, 0x0000000100000000)
  eden space 81408K, 99% used [0x00000000d5a00000,0x00000000da96a078,0x00000000da980000)
  from space 20992K, 0% used [0x00000000da980000,0x00000000da980000,0x00000000dbe00000)
  to   space 20480K, 0% used [0x00000000df800000,0x00000000df800000,0x00000000e0c00000)
 ParOldGen       total 88576K, used 13993K [0x0000000080e00000, 0x0000000086480000, 0x00000000d5a00000)
  object space 88576K, 15% used [0x0000000080e00000,0x0000000081baa718,0x0000000086480000)
 Metaspace       used 40322K, capacity 41014K, committed 41216K, reserved 1085440K
  class space    used 5437K, capacity 5627K, committed 5632K, reserved 1048576K
Event: 3.103 GC heap after
Heap after GC invocations=10 (full 2):
 PSYoungGen      total 155648K, used 2262K [0x00000000d5a00000, 0x00000000e0980000, 0x0000000100000000)
  eden space 137728K, 0% used [0x00000000d5a00000,0x00000000d5a00000,0x00000000de080000)
  from space 17920K, 12% used [0x00000000df800000,0x00000000dfa35998,0x00000000e0980000)
  to   space 20992K, 0% used [0x00000000de080000,0x00000000de080000,0x00000000df500000)
 ParOldGen       total 88576K, used 14001K [0x0000000080e00000, 0x0000000086480000, 0x00000000d5a00000)
  object space 88576K, 15% used [0x0000000080e00000,0x0000000081bac718,0x0000000086480000)
 Metaspace       used 40322K, capacity 41014K, committed 41216K, reserved 1085440K
  class space    used 5437K, capacity 5627K, committed 5632K, reserved 1048576K
}
Event: 3.135 GC heap before
{Heap before GC invocations=11 (full 2):
 PSYoungGen      total 155648K, used 139973K [0x00000000d5a00000, 0x00000000e0980000, 0x0000000100000000)
  eden space 137728K, 99% used [0x00000000d5a00000,0x00000000de07bd80,0x00000000de080000)
  from space 17920K, 12% used [0x00000000df800000,0x00000000dfa35998,0x00000000e0980000)
  to   space 20992K, 0% used [0x00000000de080000,0x00000000de080000,0x00000000df500000)
 ParOldGen       total 88576K, used 14001K [0x0000000080e00000, 0x0000000086480000, 0x00000000d5a00000)
  object space 88576K, 15% used [0x0000000080e00000,0x0000000081bac718,0x0000000086480000)
 Metaspace       used 40696K, capacity 41400K, committed 41600K, reserved 1085440K
  class space    used 5502K, capacity 5692K, committed 5760K, reserved 1048576K
Event: 3.137 GC heap after
Heap after GC invocations=11 (full 2):
 PSYoungGen      total 158720K, used 2572K [0x00000000d5a00000, 0x00000000e4480000, 0x0000000100000000)
  eden space 137728K, 0% used [0x00000000d5a00000,0x00000000d5a00000,0x00000000de080000)
  from space 20992K, 12% used [0x00000000de080000,0x00000000de303078,0x00000000df500000)
  to   space 21504K, 0% used [0x00000000e2f80000,0x00000000e2f80000,0x00000000e4480000)
 ParOldGen       total 88576K, used 14009K [0x0000000080e00000, 0x0000000086480000, 0x00000000d5a00000)
  object space 88576K, 15% used [0x0000000080e00000,0x0000000081bae718,0x0000000086480000)
 Metaspace       used 40696K, capacity 41400K, committed 41600K, reserved 1085440K
  class space    used 5502K, capacity 5692K, committed 5760K, reserved 1048576K
}

Deoptimization events (10 events):
Event: 3.068 Thread 0x000000001ff6c000 Uncommon trap: reason=bimorphic action=maybe_recompile pc=0x00000000034eb38c method=java.io.DataInputStream.readChar()C @ 4
Event: 3.068 Thread 0x000000001ff6c000 Uncommon trap: reason=bimorphic action=maybe_recompile pc=0x00000000034eb38c method=java.io.DataInputStream.readChar()C @ 4
Event: 3.068 Thread 0x000000001ff6c000 Uncommon trap: reason=bimorphic action=maybe_recompile pc=0x00000000034eb38c method=java.io.DataInputStream.readChar()C @ 4
Event: 3.087 Thread 0x000000001ff6c000 Uncommon trap: reason=unstable_if action=reinterpret pc=0x0000000003516a00 method=sun.text.normalizer.TrieIterator.checkNullNextTrailIndex()Z @ 4
Event: 3.103 Thread 0x0000000002dc8000 Uncommon trap: reason=unstable_if action=reinterpret pc=0x000000000321a8f4 method=java.lang.ref.Reference.tryHandlePending(Z)Z @ 20
Event: 3.114 Thread 0x000000001f02a800 Uncommon trap: reason=unstable_if action=reinterpret pc=0x000000000336c674 method=sun.awt.image.PNGImageDecoder.update_crc(I[BII)I @ 7
Event: 3.149 Thread 0x000000001ff6c000 Uncommon trap: reason=unstable_if action=reinterpret pc=0x000000000351d704 method=sun.text.normalizer.TrieIterator.calculateNextSupplementaryElement(Lsun/text/normalizer/RangeValueIterator$Element;)V @ 145
Event: 3.149 Thread 0x000000001ff6c000 Uncommon trap: reason=unstable_if action=reinterpret pc=0x000000000351f070 method=sun.text.normalizer.TrieIterator.next(Lsun/text/normalizer/RangeValueIterator$Element;)Z @ 6
Event: 3.179 Thread 0x000000001ff6c000 Uncommon trap: reason=unstable_if action=reinterpret pc=0x00000000031a1970 method=java.util.regex.Pattern$Ctype.isSatisfiedBy(I)Z @ 4
Event: 3.197 Thread 0x000000001ff6c000 Uncommon trap: reason=unstable_if action=reinterpret pc=0x000000000351202c method=sun.text.normalizer.UnicodeSet.findCodePoint(I)I @ 32

Internal exceptions (10 events):
Event: 1.448 Thread 0x0000000002cd5000 Exception <a 'java/lang/ArrayIndexOutOfBoundsException'> (0x00000000d5ecfc38) thrown at [C:\re\workspace\8-2-build-windows-amd64-cygwin\jdk8u101\7261\hotspot\src\share\vm\runtime\sharedRuntime.cpp, line 605]
Event: 2.498 Thread 0x0000000002cd5000 Exception <a 'java/lang/NullPointerException'> (0x00000000d9508d68) thrown at [C:\re\workspace\8-2-build-windows-amd64-cygwin\jdk8u101\7261\hotspot\src\share\vm\interpreter\linkResolver.cpp, line 1178]
Event: 2.516 Thread 0x000000001ff6d000 Exception <a 'java/lang/NullPointerException'> (0x00000000d9a68060) thrown at [C:\re\workspace\8-2-build-windows-amd64-cygwin\jdk8u101\7261\hotspot\src\share\vm\interpreter\linkResolver.cpp, line 1178]
Event: 2.516 Thread 0x000000001ff6d000 Exception <a 'java/lang/NullPointerException'> (0x00000000d9a68060) thrown at [C:\re\workspace\8-2-build-windows-amd64-cygwin\jdk8u101\7261\hotspot\src\share\vm\prims\jvm.cpp, line 1390]
Event: 2.594 Thread 0x000000001af15800 Exception <a 'java/lang/InterruptedException': sleep interrupted> (0x00000000d5be7230) thrown at [C:\re\workspace\8-2-build-windows-amd64-cygwin\jdk8u101\7261\hotspot\src\share\vm\prims\jvm.cpp, line 3167]
Event: 2.766 Thread 0x000000001ff6d000 Exception <a 'sun/nio/fs/WindowsException'> (0x00000000d64e6678) thrown at [C:\re\workspace\8-2-build-windows-amd64-cygwin\jdk8u101\7261\hotspot\src\share\vm\prims\jni.cpp, line 709]
Event: 2.768 Thread 0x000000001ff6d000 Exception <a 'sun/nio/fs/WindowsException'> (0x00000000d64e82b8) thrown at [C:\re\workspace\8-2-build-windows-amd64-cygwin\jdk8u101\7261\hotspot\src\share\vm\prims\jni.cpp, line 709]
Event: 4.107 Thread 0x000000001ff6d000 Exception <a 'java/io/FileNotFoundException'> (0x00000000da0e75c0) thrown at [C:\re\workspace\8-2-build-windows-amd64-cygwin\jdk8u101\7261\hotspot\src\share\vm\prims\jni.cpp, line 709]
Event: 4.111 Thread 0x000000001ff6d000 Exception <a 'java/io/FileNotFoundException'> (0x00000000da103748) thrown at [C:\re\workspace\8-2-build-windows-amd64-cygwin\jdk8u101\7261\hotspot\src\share\vm\prims\jni.cpp, line 709]
Event: 4.118 Thread 0x000000001ef0c800 Exception <a 'java/lang/IllegalStateException'> (0x00000000da15d028) thrown at [C:\re\workspace\8-2-build-windows-amd64-cygwin\jdk8u101\7261\hotspot\src\share\vm\prims\jvm.cpp, line 1390]

Events (10 events):
Event: 4.121 Thread 0x000000001ebe5000 Thread exited: 0x000000001ebe5000
Event: 4.122 loading class com/sun/javafx/font/PrismFontFactory$TTFilter
Event: 4.122 loading class com/sun/javafx/font/PrismFontFactory$TTFilter done
Event: 4.123 Thread 0x000000001aefe000 Thread exited: 0x000000001aefe000
Event: 4.128 loading class java/lang/Throwable$WrappedPrintStream
Event: 4.128 loading class java/lang/Throwable$PrintStreamOrWriter
Event: 4.128 loading class java/lang/Throwable$PrintStreamOrWriter done
Event: 4.128 loading class java/lang/Throwable$WrappedPrintStream done
Event: 4.135 Executing VM operation: EnableBiasedLocking
Event: 4.135 Executing VM operation: EnableBiasedLocking done


Dynamic libraries:
0x00007ff789590000 - 0x00007ff7895c7000 	C:\Program Files\Java\jdk1.8.0_101\bin\java.exe
0x00007ffe63d70000 - 0x00007ffe63f4b000 	C:\WINDOWS\SYSTEM32\ntdll.dll
0x00007ffe61de0000 - 0x00007ffe61e8e000 	C:\WINDOWS\System32\KERNEL32.DLL
0x00007ffe60ca0000 - 0x00007ffe60ee9000 	C:\WINDOWS\System32\KERNELBASE.dll
0x00007ffe63930000 - 0x00007ffe639d1000 	C:\WINDOWS\System32\ADVAPI32.dll
0x00007ffe63890000 - 0x00007ffe6392d000 	C:\WINDOWS\System32\msvcrt.dll
0x00007ffe635a0000 - 0x00007ffe635f9000 	C:\WINDOWS\System32\sechost.dll
0x00007ffe63b70000 - 0x00007ffe63c95000 	C:\WINDOWS\System32\RPCRT4.dll
0x00007ffe612d0000 - 0x00007ffe6141a000 	C:\WINDOWS\System32\USER32.dll
0x00007ffe60ef0000 - 0x00007ffe60f0e000 	C:\WINDOWS\System32\win32u.dll
0x00007ffe61970000 - 0x00007ffe61997000 	C:\WINDOWS\System32\GDI32.dll
0x00007ffe60f10000 - 0x00007ffe61097000 	C:\WINDOWS\System32\gdi32full.dll
0x00007ffe60350000 - 0x00007ffe603ea000 	C:\WINDOWS\System32\msvcp_win.dll
0x00007ffe603f0000 - 0x00007ffe604e6000 	C:\WINDOWS\System32\ucrtbase.dll
0x00007ffe57880000 - 0x00007ffe57ae7000 	C:\WINDOWS\WinSxS\amd64_microsoft.windows.common-controls_6595b64144ccf1df_6.0.15063.483_none_26002d27e7c744a2\COMCTL32.dll
0x00007ffe61610000 - 0x00007ffe61909000 	C:\WINDOWS\System32\combase.dll
0x00007ffe60290000 - 0x00007ffe602fa000 	C:\WINDOWS\System32\bcryptPrimitives.dll
0x00007ffe63570000 - 0x00007ffe6359d000 	C:\WINDOWS\System32\IMM32.DLL
0x0000000067010000 - 0x00000000670e2000 	C:\Program Files\Java\jdk1.8.0_101\jre\bin\msvcr100.dll
0x00000000670f0000 - 0x000000006798a000 	C:\Program Files\Java\jdk1.8.0_101\jre\bin\server\jvm.dll
0x00007ffe61540000 - 0x00007ffe61548000 	C:\WINDOWS\System32\PSAPI.DLL
0x00007ffe5bba0000 - 0x00007ffe5bbaa000 	C:\WINDOWS\SYSTEM32\VERSION.dll
0x00007ffe50560000 - 0x00007ffe50569000 	C:\WINDOWS\SYSTEM32\WSOCK32.dll
0x00007ffe5dfc0000 - 0x00007ffe5dfe3000 	C:\WINDOWS\SYSTEM32\WINMM.dll
0x00007ffe63ca0000 - 0x00007ffe63d0c000 	C:\WINDOWS\System32\WS2_32.dll
0x00007ffe5df90000 - 0x00007ffe5dfbb000 	C:\WINDOWS\SYSTEM32\WINMMBASE.dll
0x00007ffe60300000 - 0x00007ffe60349000 	C:\WINDOWS\System32\cfgmgr32.dll
0x0000000068370000 - 0x000000006837f000 	C:\Program Files\Java\jdk1.8.0_101\jre\bin\verify.dll
0x0000000066fa0000 - 0x0000000066fc9000 	C:\Program Files\Java\jdk1.8.0_101\jre\bin\java.dll
0x0000000068350000 - 0x0000000068366000 	C:\Program Files\Java\jdk1.8.0_101\jre\bin\zip.dll
0x00007ffe62080000 - 0x00007ffe634b7000 	C:\WINDOWS\System32\SHELL32.dll
0x00007ffe634c0000 - 0x00007ffe6356a000 	C:\WINDOWS\System32\shcore.dll
0x00007ffe605a0000 - 0x00007ffe60c91000 	C:\WINDOWS\System32\windows.storage.dll
0x00007ffe63d10000 - 0x00007ffe63d61000 	C:\WINDOWS\System32\shlwapi.dll
0x00007ffe60250000 - 0x00007ffe60261000 	C:\WINDOWS\System32\kernel.appcore.dll
0x00007ffe601e0000 - 0x00007ffe6022c000 	C:\WINDOWS\System32\powrprof.dll
0x00007ffe60270000 - 0x00007ffe60285000 	C:\WINDOWS\System32\profapi.dll
0x0000000066dc0000 - 0x0000000066f58000 	C:\Program Files\Java\jdk1.8.0_101\jre\bin\awt.dll
0x00007ffe61550000 - 0x00007ffe61610000 	C:\WINDOWS\System32\OLEAUT32.dll
0x00007ffe5e980000 - 0x00007ffe5e9fe000 	C:\WINDOWS\SYSTEM32\apphelp.dll
0x00007ffe5dc10000 - 0x00007ffe5dc3a000 	C:\WINDOWS\system32\DWMAPI.DLL
0x00007ffe5eae0000 - 0x00007ffe5eb75000 	C:\WINDOWS\system32\uxtheme.dll
0x00007ffe63a00000 - 0x00007ffe63b66000 	C:\WINDOWS\System32\MSCTF.dll
0x0000000068380000 - 0x0000000068386000 	C:\Program Files\ESET\ESET NOD32 Antivirus\eplgHooks.dll
0x00007ffe61e90000 - 0x00007ffe61fd5000 	C:\WINDOWS\System32\ole32.dll
0x0000000066d70000 - 0x0000000066db7000 	C:\Program Files\Java\jdk1.8.0_101\jre\bin\fontmanager.dll
0x0000000066f80000 - 0x0000000066f9a000 	C:\Program Files\Java\jdk1.8.0_101\jre\bin\net.dll
0x00007ffe5faf0000 - 0x00007ffe5fb4c000 	C:\WINDOWS\system32\mswsock.dll
0x0000000066f60000 - 0x0000000066f71000 	C:\Program Files\Java\jdk1.8.0_101\jre\bin\nio.dll
0x0000000066d20000 - 0x0000000066d62000 	C:\Program Files\Java\jdk1.8.0_101\jre\bin\t2k.dll
0x0000000066b50000 - 0x0000000066b81000 	C:\Program Files\Java\jdk1.8.0_101\jre\bin\jpeg.dll
0x00007ffe59d90000 - 0x00007ffe59e12000 	C:\WINDOWS\System32\TextInputFramework.dll
0x00007ffe5ad80000 - 0x00007ffe5b052000 	C:\WINDOWS\System32\CoreUIComponents.dll
0x00007ffe5f3f0000 - 0x00007ffe5f421000 	C:\WINDOWS\SYSTEM32\ntmarta.dll
0x00007ffe5d9d0000 - 0x00007ffe5dab3000 	C:\WINDOWS\System32\CoreMessaging.dll
0x00007ffe5e150000 - 0x00007ffe5e165000 	C:\WINDOWS\SYSTEM32\usermgrcli.dll
0x00007ffe5c4b0000 - 0x00007ffe5c5e9000 	C:\WINDOWS\SYSTEM32\wintypes.dll
0x0000000066c90000 - 0x0000000066cba000 	C:\Program Files\Java\jdk1.8.0_101\jre\bin\dcpr.dll
0x0000000066c60000 - 0x0000000066c84000 	C:\Program Files\Java\jdk1.8.0_101\jre\bin\sunec.dll
0x00007ffe4ecb0000 - 0x00007ffe4ecc6000 	C:\WINDOWS\system32\napinsp.dll
0x00007ffe53710000 - 0x00007ffe5372a000 	C:\WINDOWS\system32\pnrpnsp.dll
0x00007ffe5e3e0000 - 0x00007ffe5e3f8000 	C:\WINDOWS\system32\NLAapi.dll
0x00007ffe5f8d0000 - 0x00007ffe5f974000 	C:\WINDOWS\SYSTEM32\DNSAPI.dll
0x00007ffe61530000 - 0x00007ffe61538000 	C:\WINDOWS\System32\NSI.dll
0x00007ffe5f890000 - 0x00007ffe5f8c7000 	C:\WINDOWS\SYSTEM32\IPHLPAPI.DLL
0x00007ffe493d0000 - 0x00007ffe493de000 	C:\WINDOWS\System32\winrnr.dll
0x00007ffe53210000 - 0x00007ffe5321a000 	C:\Windows\System32\rasadhlp.dll
0x00007ffe58470000 - 0x00007ffe584db000 	C:\WINDOWS\System32\fwpuclnt.dll
0x00007ffe5fda0000 - 0x00007ffe5fdc5000 	C:\WINDOWS\SYSTEM32\bcrypt.dll
0x0000000066cc0000 - 0x0000000066ccd000 	C:\Program Files\Java\jdk1.8.0_101\jre\bin\management.dll
0x00007ffe32bf0000 - 0x00007ffe32cdf000 	C:\Program Files\Java\jdk1.8.0_101\jre\bin\msvcr120.dll
0x00007ffe33b20000 - 0x00007ffe33bc6000 	C:\Program Files\Java\jdk1.8.0_101\jre\bin\msvcp120.dll
0x0000000066b20000 - 0x0000000066b42000 	C:\Program Files\Java\jdk1.8.0_101\jre\bin\prism_d3d.dll
0x00007ffe2a6f0000 - 0x00007ffe2a879000 	C:\WINDOWS\system32\d3d9.dll
0x0000000066ad0000 - 0x0000000066b13000 	C:\Program Files\Java\jdk1.8.0_101\jre\bin\glass.dll
0x00007ffe61420000 - 0x00007ffe61528000 	C:\WINDOWS\System32\COMDLG32.dll
0x0000000064540000 - 0x0000000066ad0000 	C:\Program Files\Java\jdk1.8.0_101\jre\bin\jfxwebkit.dll
0x00007ffe5fca0000 - 0x00007ffe5fcb7000 	C:\WINDOWS\SYSTEM32\CRYPTSP.dll
0x00007ffe5f6b0000 - 0x00007ffe5f6e4000 	C:\WINDOWS\system32\rsaenh.dll
0x00007ffe5fc90000 - 0x00007ffe5fc9b000 	C:\WINDOWS\SYSTEM32\CRYPTBASE.dll
0x0000000064520000 - 0x0000000064534000 	C:\Program Files\Java\jdk1.8.0_101\jre\bin\javafx_font.dll
0x00007ffe5a030000 - 0x00007ffe5a2ef000 	C:\WINDOWS\SYSTEM32\dwrite.dll
0x00007ffe61fe0000 - 0x00007ffe6207e000 	C:\WINDOWS\System32\clbcatq.dll
0x00007ffe57490000 - 0x00007ffe5763c000 	C:\WINDOWS\SYSTEM32\WindowsCodecs.dll
0x00007ffe4c2c0000 - 0x00007ffe4c307000 	C:\WINDOWS\system32\dataexchange.dll
0x00007ffe5e540000 - 0x00007ffe5e662000 	C:\WINDOWS\system32\dcomp.dll
0x00007ffe5cb10000 - 0x00007ffe5cdef000 	C:\WINDOWS\system32\d3d11.dll
0x00007ffe5f0e0000 - 0x00007ffe5f184000 	C:\WINDOWS\system32\dxgi.dll
0x00007ffe5ec90000 - 0x00007ffe5ee00000 	C:\WINDOWS\system32\twinapi.appcore.dll
0x00007ffe52540000 - 0x00007ffe526e9000 	C:\WINDOWS\SYSTEM32\dbghelp.dll

VM Arguments:
java_command: ec.com.codesoft.codefaclite.main.init.Main
java_class_path (initial): C:\Users\Carlos\Documents\GitHub\codefac-lite\workspace\main\target\classes;C:\Users\Carlos\Documents\GitHub\codefac-lite\workspace\servidor\target\classes;C:\Users\Carlos\.m2\repository\org\eclipse\persistence\eclipselink\2.5.2\eclipselink-2.5.2.jar;C:\Users\Carlos\.m2\repository\org\eclipse\persistence\javax.persistence\2.1.0\javax.persistence-2.1.0.jar;C:\Users\Carlos\.m2\repository\org\eclipse\persistence\commonj.sdo\2.1.1\commonj.sdo-2.1.1.jar;C:\Users\Carlos\.m2\repository\org\xerial\sqlite-jdbc\3.8.11.2\sqlite-jdbc-3.8.11.2.jar;C:\Users\Carlos\.m2\repository\org\apache\derby\derbyclient\10.10.1.1\derbyclient-10.10.1.1.jar;C:\Users\Carlos\.m2\repository\org\apache\derby\derby\10.12.1.1\derby-10.12.1.1.jar;C:\Users\Carlos\Documents\GitHub\codefac-lite\workspace\ws-client-iess\target\classes;C:\Users\Carlos\.m2\repository\ec\com\codesoft\ejemplo\utilidades\1.0-SNAPSHOT\utilidades-1.0-SNAPSHOT.jar;C:\Users\Carlos\.m2\repository\commons-lang\commons-lang\2.6\commons-lang-2.6.jar;C:\Users\Carlos\.m2\repository\javax\mail\mail\1.4\mail-1.4.jar;C:\Users\Carlos\.m2\repository\javax\activation\activation\1.1\activation-1.1.jar;C:\Users\Carlos\Documents\GitHub\codefac-lite\workspace\recursos\target\classes;C:\Users\Carlos\Documents\GitHub\codefac-lite\workspace\crm\target\classes;C:\Users\Carlos\.m2\repository\net\sf\jasperreports\jasperreports\6.4.3\jasperreports-6.4.3.jar;C:\Users\Carlos\.m2\repository\commons-beanutils\commons-beanutils\1.9.3\commons-beanutils-1.9.3.jar;C:\Users\Carlos\.m2\repository\commons-collections\commons-collections\3.2.2\commons-collections-3.2.2.jar;C:\Users\Carlos\.m2\repository\commons-digester\commons-digester\2.1\commons-digester-2.1.jar;C:\Users\Carlos\.m2\repository\commons-logging\commons-logging\1.1.1\commons-logging-1.1.1.jar;C:\Users\Carlos\.m2\repository\com\lowagie\itext\2.1.7.js6\itext-2.1.7.js6.jar;C:\Users\Carlos\.m2\repository\org\bouncycastle\bcprov-jdk15on\1.52\bcprov-jdk15on-1.52.jar;C:\Users\C
Launcher Type: SUN_STANDARD

Environment Variables:
JAVA_HOME=C:\Program Files\Java\jdk1.8.0_101
PATH=C:\Program Files (x86)\Intel\iCLS Client\;C:\Program Files\Intel\iCLS Client\;C:\ProgramData\Oracle\Java\javapath;C:\Windows\system32;C:\Windows;C:\Windows\System32\Wbem;C:\Windows\System32\WindowsPowerShell\v1.0\;C:\Program Files (x86)\NVIDIA Corporation\PhysX\Common;C:\Program Files\Git\cmd;C:\Program Files\MySQL\MySQL Utilities 1.6\;C:\Program Files\Intel\Intel(R) Management Engine Components\DAL;C:\Program Files\Intel\Intel(R) Management Engine Components\IPT;C:\Program Files (x86)\Intel\Intel(R) Management Engine Components\DAL;C:\Program Files (x86)\Intel\Intel(R) Management Engine Components\IPT;C:\WINDOWS\system32;C:\WINDOWS;C:\WINDOWS\System32\Wbem;C:\WINDOWS\System32\WindowsPowerShell\v1.0\;C:\Program Files\MATLAB\R2013a\runtime\win64;C:\Program Files\MATLAB\R2013a\bin;C:\maven-netbeans\bin;C:\Program Files\Java\jdk1.7.0_80\bin;C:\Program Files (x86)\Bitvise SSH Client;C:\Program Files\nodejs\;C:\Program Files\PuTTY\;C:\Users\Carlos\AppData\Local\Microsoft\WindowsApps;C:\Users\Carlos\AppData\Roaming\npm
USERNAME=Carlos
OS=Windows_NT
PROCESSOR_IDENTIFIER=Intel64 Family 6 Model 60 Stepping 3, GenuineIntel



---------------  S Y S T E M  ---------------

OS: Windows 10.0 , 64 bit Build 15063 (10.0.15063.296)

CPU:total 8 (4 cores per cpu, 2 threads per core) family 6 model 60 stepping 3, cmov, cx8, fxsr, mmx, sse, sse2, sse3, ssse3, sse4.1, sse4.2, popcnt, avx, avx2, aes, clmul, erms, lzcnt, ht, tsc, tscinvbit, bmi1, bmi2

Memory: 4k page, physical 8323180k(2756980k free), swap 11206764k(3923516k free)

vm_info: Java HotSpot(TM) 64-Bit Server VM (25.101-b13) for windows-amd64 JRE (1.8.0_101-b13), built on Jun 22 2016 01:21:29 by "java_re" with MS VC++ 10.0 (VS2010)

time: Thu Nov 30 08:18:08 2017
elapsed time: 4 seconds (0d 0h 0m 4s)

